<?xml version="1.0" encoding="utf-8"?><testsuites name="pytest tests"><testsuite name="pytest" errors="0" failures="0" skipped="0" tests="19" time="6.856" timestamp="2026-08-31T09:34:07.750426+00:00" hostname="agent-env-f8f2edf6-d691-475b-a337-ea060efdb28e"><testcase classname="tests.test_iteration15.TestBirthdateAuth" name="test_register_with_birthdate_stored" time="0.715" /><testcase classname="tests.test_iteration15.TestBirthdateAuth" name="test_register_without_birthdate_ok" time="0.562" /><testcase classname="tests.test_iteration15.TestBirthdateAuth" name="test_patch_settings_birthdate_valid" time="0.440" /><testcase classname="tests.test_iteration15.TestBirthdateAuth" name="test_patch_settings_birthdate_invalid" time="0.143" /><testcase classname="tests.test_iteration15.TestClubDiscussions" name="test_post_like_comment_flow" time="2.666" /><testcase classname="tests.test_iteration15.TestReaderSearch" name="test_search_returns_readers_and_excludes_self" time="0.446" /><testcase classname="tests.test_iteration15.TestReaderSearch" name="test_search_excludes_current_user" time="0.166" /><testcase classname="tests.test_iteration15.TestClubBookLifecycle" name="test_add_book_and_dedup" time="0.372" /><testcase classname="tests.test_iteration15.TestClubDiscussions" name="test_post_with_spoiler" time="0.098" /><testcase classname="tests.test_iteration15.TestClubDiscussions" name="test_report" time="0.245" /><testcase classname="tests.test_iteration15.TestClubBookLifecycle" name="test_club_book_does_not_create_user_book" time="0.343" /><testcase classname="tests.test_iteration15.TestClubDiscussions" name="test_reviews_upsert_avg" time="0.764" /><testcase classname="tests.test_iteration15.TestClubHome" name="test_home_has_enriched_books" time="0.430" /><testcase classname="tests.test_iteration15.TestClubHome" name="test_home_flags_alchimiste_joined_for_primary" time="0.103" /><testcase classname="tests.test_iteration15.TestClubSummary" name="test_me_summary" time="0.943" /><testcase classname="tests.test_iteration15.TestSensitiveFilter" name="test_sensitive_visible_only_to_adults_and_owner" time="1.655" /><testcase classname="tests.test_iteration15.TestClubDeletePermission" name="test_non_admin_non_adder_forbidden" time="0.900" /><testcase classname="tests.test_iteration15.TestClubParticipation" name="test_join_leave_progress" time="1.041" /><testcase classname="tests.test_iteration15.TestFeedSensitive" name="test_feed_excludes_sensitive_for_minor" time="0.819" /></testsuite></testsuites>