<?xml version="1.0" encoding="utf-8"?><testsuites name="pytest tests"><testsuite name="pytest" errors="0" failures="0" skipped="0" tests="26" time="8.951" timestamp="2026-08-30T18:37:27.622885+00:00" hostname="agent-env-f8f2edf6-d691-475b-a337-ea060efdb28e"><testcase classname="tests.test_iteration4.TestClubs" name="test_create_generates_code_and_owner" time="0.729" /><testcase classname="tests.test_iteration4.TestClubs" name="test_list_clubs_includes_created" time="0.107" /><testcase classname="tests.test_iteration4.TestFlashcards" name="test_generate_creates_cards" time="7.313" /><testcase classname="tests.test_iteration4.TestClubs" name="test_get_403_non_member" time="0.389" /><testcase classname="tests.test_iteration4.TestClubs" name="test_join_unknown_code_404" time="0.065" /><testcase classname="tests.test_iteration4.TestClubs" name="test_join_by_code_ok" time="0.076" /><testcase classname="tests.test_iteration4.TestClubs" name="test_join_idempotent" time="0.062" /><testcase classname="tests.test_iteration4.TestClubs" name="test_get_after_join_member_ok" time="0.063" /><testcase classname="tests.test_iteration4.TestClubs" name="test_patch_owner_only" time="0.137" /><testcase classname="tests.test_iteration4.TestClubs" name="test_messages_post_and_list" time="0.189" /><testcase classname="tests.test_iteration4.TestClubs" name="test_leave_transfers_owner" time="0.127" /><testcase classname="tests.test_iteration4.TestClubs" name="test_leave_last_member_deletes_club" time="0.131" /><testcase classname="tests.test_iteration4.TestPremium" name="test_status_default_not_premium" time="0.070" /><testcase classname="tests.test_iteration4.TestPremium" name="test_activate_mensuel" time="0.071" /><testcase classname="tests.test_iteration4.TestPremium" name="test_activate_annuel_overwrites_plan" time="0.066" /><testcase classname="tests.test_iteration4.TestPremium" name="test_deactivate" time="0.076" /><testcase classname="tests.test_iteration4.TestCaptureQuota" name="test_transcribe_402_when_quota_reached" time="0.131" /><testcase classname="tests.test_iteration4.TestCaptureQuota" name="test_page_number_not_limited" time="1.315" /><testcase classname="tests.test_iteration4.TestCaptureQuota" name="test_reset_quota_after_test" time="0.066" /><testcase classname="tests.test_iteration4.TestFlashcards" name="test_generate_idempotent" time="0.069" /><testcase classname="tests.test_iteration4.TestFlashcards" name="test_list_flashcards" time="0.070" /><testcase classname="tests.test_iteration4.TestFlashcards" name="test_review_again" time="0.160" /><testcase classname="tests.test_iteration4.TestFlashcards" name="test_review_good_first_time" time="0.139" /><testcase classname="tests.test_iteration4.TestFlashcards" name="test_review_easy_increases_ease" time="0.129" /><testcase classname="tests.test_iteration4.TestFlashcards" name="test_review_hard_decreases_ease_floor_1_3" time="0.131" /><testcase classname="tests.test_iteration4.TestFlashcards" name="test_delete_flashcard" time="0.298" /></testsuite></testsuites>