<?xml version="1.0" encoding="utf-8"?><testsuites name="pytest tests"><testsuite name="pytest" errors="0" failures="0" skipped="0" tests="21" time="4.007" timestamp="2026-09-02T10:32:51.771484+00:00" hostname="agent-env-f8f2edf6-d691-475b-a337-ea060efdb28e"><testcase classname="tests.test_iteration18.TestSharePages" name="test_share_quote_fallback" time="0.269" /><testcase classname="tests.test_iteration18.TestHealth" name="test_root_health" time="0.270" /><testcase classname="tests.test_iteration18.TestSharePages" name="test_share_book_fallback" time="0.141" /><testcase classname="tests.test_iteration18.TestHealth" name="test_api_health" time="0.130" /><testcase classname="tests.test_iteration18.TestSharePages" name="test_share_user_fallback" time="0.339" /><testcase classname="tests.test_iteration18.TestBooksSearchRemoved" name="test_books_search_no_longer_exists" time="0.538" /><testcase classname="tests.test_iteration18.TestSharePages" name="test_share_club_fallback" time="0.115" /><testcase classname="tests.test_iteration18.TestBooksSearchRemoved" name="test_books_search_no_auth_is_401" time="0.268" /><testcase classname="tests.test_iteration18.TestCatalogIsbn" name="test_isbn_lookup_cyrulnik" time="0.138" /><testcase classname="tests.test_iteration18.TestSharePages" name="test_share_real_public_quote" time="0.775" /><testcase classname="tests.test_iteration18.TestCatalogIsbn" name="test_isbn_lookup_requires_auth" time="0.172" /><testcase classname="tests.test_iteration18.TestAdminAuthors" name="test_admin_authors_403_for_non_admin" time="0.123" /><testcase classname="tests.test_iteration18.TestCatalogAreaFrancaise" name="test_area_francaise_returns_books_and_countries" time="0.359" /><testcase classname="tests.test_iteration18.TestAdminAuthors" name="test_admin_authors_200_for_admin" time="0.505" /><testcase classname="tests.test_iteration18.TestCatalogAreaFrancaise" name="test_area_francaise_filter_by_country_fr" time="0.173" /><testcase classname="tests.test_iteration18.TestWellKnown" name="test_aasa" time="0.104" /><testcase classname="tests.test_iteration18.TestCatalogSearch" name="test_search_cyrulnik" time="0.122" /><testcase classname="tests.test_iteration18.TestWellKnown" name="test_assetlinks" time="0.124" /><testcase classname="tests.test_iteration18.TestUpload" name="test_upload_and_fetch" time="0.832" /><testcase classname="tests.test_iteration18.TestAdminPatchAuthor" name="test_patch_author_recomputes_books" time="0.609" /><testcase classname="tests.test_iteration18.TestFeed" name="test_feed_returns_quotes_with_author_and_book" time="0.206" /></testsuite></testsuites>