<?xml version="1.0" encoding="utf-8"?><testsuites name="pytest tests"><testsuite name="pytest" errors="0" failures="0" skipped="0" tests="14" time="8.380" timestamp="2026-08-31T12:23:02.984898+00:00" hostname="agent-env-f8f2edf6-d691-475b-a337-ea060efdb28e"><testcase classname="tests.test_iteration16.TestAdmin" name="test_overview_forbidden_non_admin" time="0.778" /><testcase classname="tests.test_iteration16.TestEvents" name="test_create_forbidden_non_admin" time="0.850" /><testcase classname="tests.test_iteration16.TestAdmin" name="test_overview_admin" time="0.819" /><testcase classname="tests.test_iteration16.TestEvents" name="test_admin_create_event_and_list" time="1.125" /><testcase classname="tests.test_iteration16.TestAdmin" name="test_report_ignore_flow" time="1.069" /><testcase classname="tests.test_iteration16.TestEvents" name="test_past_events_hidden" time="0.355" /><testcase classname="tests.test_iteration16.TestEvents" name="test_join_and_leave" time="0.523" /><testcase classname="tests.test_iteration16.TestAdmin" name="test_report_delete_flow" time="0.817" /><testcase classname="tests.test_iteration16.TestEvents" name="test_delete_forbidden_non_admin" time="0.136" /><testcase classname="tests.test_iteration16.TestEvents" name="test_delete_admin" time="0.313" /><testcase classname="tests.test_iteration16.TestGamification" name="test_empty_gamification" time="0.944" /><testcase classname="tests.test_iteration16.TestQuoteVisibility" name="test_followers_visibility" time="3.376" /><testcase classname="tests.test_iteration16.TestGamification" name="test_points_calculation" time="2.734" /><testcase classname="tests.test_iteration16.TestQuoteVisibility" name="test_private_and_public_and_patch" time="1.268" /></testsuite></testsuites>