<?xml version="1.0" encoding="utf-8"?><testsuites name="pytest tests"><testsuite name="pytest" errors="0" failures="0" skipped="0" tests="11" time="2.565" timestamp="2026-09-03T13:35:09.809335+00:00" hostname="agent-env-f8f2edf6-d691-475b-a337-ea060efdb28e"><testcase classname="tests.test_iteration20.TestAreas" name="test_areas_one_per_continent_no_dup" time="0.785" /><testcase classname="tests.test_iteration20.TestAdminClassification" name="test_classification_stats" time="0.968" /><testcase classname="tests.test_iteration20.TestAreas" name="test_area_key_used_by_home_maps_to_browse" time="0.292" /><testcase classname="tests.test_iteration20.TestAdminClassification" name="test_classification_review" time="0.156" /><testcase classname="tests.test_iteration20.TestCouvertureBoutsDeBois" name="test_search_returns_book_with_cover" time="0.215" /><testcase classname="tests.test_iteration20.TestAdminClassification" name="test_classification_settings" time="0.275" /><testcase classname="tests.test_iteration20.TestSearchAdichie" name="test_adichie_returns_works" time="0.193" /><testcase classname="tests.test_iteration20.TestAdminClassification" name="test_admin_badge_no_authors" time="0.168" /><testcase classname="tests.test_iteration20.TestHomeDiscover" name="test_home_discover_shape" time="0.604" /><testcase classname="tests.test_iteration20.TestFilters" name="test_combined_filters_return_count" time="0.572" /><testcase classname="tests.test_iteration20.TestThemePage" name="test_theme_resilience" time="0.163" /></testsuite></testsuites>