<?xml version="1.0" encoding="utf-8"?><testsuites name="pytest tests"><testsuite name="pytest" errors="0" failures="0" skipped="0" tests="16" time="3.843" timestamp="2026-08-30T18:09:58.782549+00:00" hostname="agent-env-f8f2edf6-d691-475b-a337-ea060efdb28e"><testcase classname="tests.test_iteration3.TestReaderProfile" name="test_requires_auth" time="0.193" /><testcase classname="tests.test_iteration3.TestThemePage" name="test_requires_auth" time="0.205" /><testcase classname="tests.test_iteration3.TestReaderProfile" name="test_unknown_handle_404" time="0.582" /><testcase classname="tests.test_iteration3.TestReaderProfile" name="test_lea_profile" time="0.269" /><testcase classname="tests.test_iteration3.TestReaderProfile" name="test_is_me_true_on_self" time="0.306" /><testcase classname="tests.test_iteration3.TestThemePage" name="test_returns_stats_and_quotes" time="1.325" /><testcase classname="tests.test_iteration3.TestThemePage" name="test_excludes_private_quotes" time="0.123" /><testcase classname="tests.test_iteration3.TestThemePage" name="test_stats_coherent_with_quotes_list" time="0.142" /><testcase classname="tests.test_iteration3.TestReaderProfile" name="test_does_not_return_private_quotes" time="0.758" /><testcase classname="tests.test_iteration3.TestThemePage" name="test_unknown_theme_zero_stats" time="0.189" /><testcase classname="tests.test_iteration3.TestQuoteDetailPublic" name="test_own_quote_is_owner_true" time="0.226" /><testcase classname="tests.test_iteration3.TestOwnershipRegression" name="test_delete_by_non_owner_does_not_remove" time="0.703" /><testcase classname="tests.test_iteration3.TestQuoteDetailPublic" name="test_public_quote_of_other_user_visible" time="0.542" /><testcase classname="tests.test_iteration3.TestOwnershipRegression" name="test_patch_by_non_owner_does_not_modify" time="0.795" /><testcase classname="tests.test_iteration3.TestQuoteDetailPublic" name="test_private_quote_of_other_user_returns_404" time="0.129" /><testcase classname="tests.test_iteration3.TestQuoteDetailPublic" name="test_unknown_quote_id_404" time="0.519" /></testsuite></testsuites>