<?xml version="1.0" encoding="utf-8"?><testsuites name="pytest tests"><testsuite name="pytest" errors="0" failures="0" skipped="0" tests="15" time="40.471" timestamp="2026-08-30T19:12:19.440273+00:00" hostname="agent-env-f8f2edf6-d691-475b-a337-ea060efdb28e"><testcase classname="tests.test_iteration5.TestReadingStats" name="test_shape" time="0.905" /><testcase classname="tests.test_iteration5.TestReadingStats" name="test_quote_creation_marks_today_active" time="0.232" /><testcase classname="tests.test_iteration5.TestChallenge" name="test_patch_challenge_missing_title_400" time="1.088" /><testcase classname="tests.test_iteration5.TestChallenge" name="test_patch_challenge_missing_goal_400" time="0.054" /><testcase classname="tests.test_iteration5.TestReadingStats" name="test_progress_pages_increases_week_pages" time="0.502" /><testcase classname="tests.test_iteration5.TestChallenge" name="test_patch_challenge_non_owner_403" time="0.058" /><testcase classname="tests.test_iteration5.TestChallenge" name="test_patch_challenge_owner_ok" time="0.100" /><testcase classname="tests.test_iteration5.TestChallenge" name="test_progress_403_non_member" time="0.402" /><testcase classname="tests.test_iteration5.TestBooksSearch" name="test_search_alchimiste_shape" time="0.142" /><testcase classname="tests.test_iteration5.TestChallenge" name="test_progress_owner_and_member" time="0.163" /><testcase classname="tests.test_iteration5.TestBooksSearch" name="test_search_empty_q_returns_empty" time="0.093" /><testcase classname="tests.test_iteration5.TestChallenge" name="test_progress_no_challenge_400" time="0.150" /><testcase classname="tests.test_iteration5.TestISBNSearch" name="test_isbn_google_or_openlibrary_alchimiste" time="27.614" /><testcase classname="tests.test_iteration5.TestBookCreateWithYear" name="test_post_books_accepts_year" time="0.168" /><testcase classname="tests.test_iteration5.TestISBNSearch" name="test_isbn_not_found_returns_404" time="10.316" /></testsuite></testsuites>