<?xml version="1.0" encoding="utf-8"?><testsuites name="pytest tests"><testsuite name="pytest" errors="0" failures="0" skipped="0" tests="9" time="2.317" timestamp="2026-08-30T20:18:33.525104+00:00" hostname="agent-env-f8f2edf6-d691-475b-a337-ea060efdb28e"><testcase classname="tests.test_iteration9.TestRecoValidation" name="test_empty_note_returns_422" time="0.725" /><testcase classname="tests.test_iteration9.TestRecoValidation" name="test_missing_note_returns_422" time="0.344" /><testcase classname="tests.test_iteration9.TestRecoValidation" name="test_empty_title_returns_422" time="0.181" /><testcase classname="tests.test_iteration9.TestRecoHappyPath" name="test_post_reco_returns_200_with_shape" time="1.627" /><testcase classname="tests.test_iteration9.TestRecoAccess" name="test_non_member_gets_403" time="0.487" /><testcase classname="tests.test_iteration9.TestRecoHappyPath" name="test_get_messages_includes_reco_with_author" time="0.182" /><testcase classname="tests.test_iteration9.TestRecoAccess" name="test_unknown_club_returns_404" time="0.128" /><testcase classname="tests.test_iteration9.TestRecoHappyPath" name="test_post_reco_without_author_ok" time="0.132" /><testcase classname="tests.test_iteration9.TestNormalMessageRegression" name="test_post_normal_message_still_works" time="0.137" /></testsuite></testsuites>