<?xml version="1.0" encoding="utf-8"?><testsuites name="pytest tests"><testsuite name="pytest" errors="0" failures="0" skipped="0" tests="12" time="4.743" timestamp="2026-08-30T22:15:09.702064+00:00" hostname="agent-env-f8f2edf6-d691-475b-a337-ea060efdb28e"><testcase classname="tests.test_iteration10.TestBookSearchByQuery" name="test_search_returns_results" time="0.879" /><testcase classname="tests.test_iteration10.TestPremiumRegression" name="test_premium_status_default_free" time="0.544" /><testcase classname="tests.test_iteration10.TestPremiumRegression" name="test_premium_activate_annuel" time="0.264" /><testcase classname="tests.test_iteration10.TestPremiumRegression" name="test_premium_deactivate" time="0.279" /><testcase classname="tests.test_iteration10.TestBookSearchByQuery" name="test_veiller_sur_elle_is_first_with_isbn_and_cover" time="0.897" /><testcase classname="tests.test_iteration10.TestPremiumRegression" name="test_premium_status_requires_auth" time="0.119" /><testcase classname="tests.test_iteration10.TestBookSearchByIsbn" name="test_isbn_bnf_fallback" time="0.771" /><testcase classname="tests.test_iteration10.TestBookSearchByQuery" name="test_no_duplicate_titles" time="1.526" /><testcase classname="tests.test_iteration10.TestBookSearchByIsbn" name="test_isbn_google_or_openlibrary" time="1.721" /><testcase classname="tests.test_iteration10.TestAuthRegression" name="test_register_login_flow" time="0.747" /><testcase classname="tests.test_iteration10.TestBookSearchByIsbn" name="test_invalid_isbn_returns_404" time="0.129" /><testcase classname="tests.test_iteration10.TestAuthRegression" name="test_login_wrong_password" time="0.353" /></testsuite></testsuites>