<?xml version="1.0" encoding="utf-8"?><testsuites name="pytest tests"><testsuite name="pytest" errors="0" failures="0" skipped="0" tests="11" time="4.919" timestamp="2026-08-30T20:05:58.421910+00:00" hostname="agent-env-f8f2edf6-d691-475b-a337-ea060efdb28e"><testcase classname="tests.test_iteration8.TestYearlyGoal" name="test_patch_goal_sets_value" time="0.694" /><testcase classname="tests.test_iteration8.TestThemes" name="test_themes_mine_has_at_least_12" time="0.899" /><testcase classname="tests.test_iteration8.TestYearlyGoal" name="test_stats_reading_contains_yearly_fields" time="0.121" /><testcase classname="tests.test_iteration8.TestYearlyGoal" name="test_patch_book_termine_sets_finished_at_and_increments_books_year" time="0.879" /><testcase classname="tests.test_iteration8.TestThemes" name="test_custom_theme_added_and_visible" time="0.612" /><testcase classname="tests.test_iteration8.TestThemes" name="test_theme_page_suggested_books_non_empty_for_resilience" time="0.522" /><testcase classname="tests.test_iteration8.TestSettingsExport" name="test_patch_settings_default_public" time="0.463" /><testcase classname="tests.test_iteration8.TestDailyQuote" name="test_daily_quote_not_404_and_returns_quote" time="0.248" /><testcase classname="tests.test_iteration8.TestSettingsExport" name="test_export_returns_full_json" time="0.109" /><testcase classname="tests.test_iteration8.TestSearchRegression" name="test_books_search_alchimiste" time="2.336" /><testcase classname="tests.test_iteration8.TestDeleteAccount" name="test_delete_disposable_account_full_flow" time="0.989" /></testsuite></testsuites>