<?xml version="1.0" encoding="utf-8"?><testsuites name="pytest tests"><testsuite name="pytest" errors="0" failures="0" skipped="0" tests="9" time="2.690" timestamp="2026-08-31T06:23:46.131598+00:00" hostname="agent-env-f8f2edf6-d691-475b-a337-ea060efdb28e"><testcase classname="tests.test_iteration13.TestFiche" name="test_get_fiche_prefills_passages_from_quotes" time="0.640" /><testcase classname="tests.test_iteration13.TestFiche" name="test_put_fiche_persists_and_reflects_rating_on_book" time="0.158" /><testcase classname="tests.test_iteration13.TestFiche" name="test_put_fiche_updates_passages_and_does_not_refill" time="0.096" /><testcase classname="tests.test_iteration13.TestFiche" name="test_get_fiche_404_when_unknown" time="0.052" /><testcase classname="tests.test_iteration13.TestFiche" name="test_put_fiche_404_when_unknown" time="0.068" /><testcase classname="tests.test_iteration13.TestFiche" name="test_fiche_isolation_between_users" time="0.405" /><testcase classname="tests.test_iteration13.TestFichesList" name="test_list_sorted_desc_by_updated_at" time="0.193" /><testcase classname="tests.test_iteration13.TestCatalogSearch" name="test_books_search_returns_results" time="0.988" /><testcase classname="tests.test_iteration13.TestLocalSearchRegression" name="test_local_search_candide" time="0.050" /></testsuite></testsuites>