<?xml version="1.0" encoding="utf-8"?><testsuites name="pytest tests"><testsuite name="pytest" errors="0" failures="0" skipped="0" tests="8" time="1.834" timestamp="2026-08-30T19:42:45.485402+00:00" hostname="agent-env-f8f2edf6-d691-475b-a337-ea060efdb28e"><testcase classname="tests.test_iteration7.TestBadges" name="test_badges_returns_10" time="0.606" /><testcase classname="tests.test_iteration7.TestBadges" name="test_badges_primary_first_quote_earned" time="0.359" /><testcase classname="tests.test_iteration7.TestBadges" name="test_badges_consistency_collector" time="0.144" /><testcase classname="tests.test_iteration7.TestRecapManual" name="test_recap_403_non_owner" time="0.138" /><testcase classname="tests.test_iteration7.TestRecapManual" name="test_recap_owner_creates_system_message" time="0.063" /><testcase classname="tests.test_iteration7.TestRecapManual" name="test_recap_400_when_nothing" time="0.182" /><testcase classname="tests.test_iteration7.TestRecapAuto" name="test_auto_recap_triggers_and_is_idempotent" time="0.138" /><testcase classname="tests.test_iteration7.TestClubMessageRegression" name="test_post_regular_message" time="0.059" /></testsuite></testsuites>