<?xml version="1.0" encoding="utf-8"?><testsuites name="pytest tests"><testsuite name="pytest" errors="0" failures="0" skipped="0" tests="12" time="3.369" timestamp="2026-09-04T06:55:04.674590+00:00" hostname="agent-env-f8f2edf6-d691-475b-a337-ea060efdb28e"><testcase classname="tests.test_iteration21.TestFollows" name="test_health" time="0.486" /><testcase classname="tests.test_iteration21.TestCatalogBrowseRegression" name="test_browse_chips_returned" time="0.928" /><testcase classname="tests.test_iteration21.TestFollows" name="test_me_follows_shape" time="0.445" /><testcase classname="tests.test_iteration21.TestCatalogBrowseRegression" name="test_browse_partial_matches" time="0.489" /><testcase classname="tests.test_iteration21.TestFollows" name="test_reader_follows_public" time="0.480" /><testcase classname="tests.test_iteration21.TestFollows" name="test_reader_follows_404" time="0.213" /><testcase classname="tests.test_iteration21.TestCatalogBrowseRegression" name="test_browse_pagination_see_more" time="0.293" /><testcase classname="tests.test_iteration21.TestFollows" name="test_follow_toggle_end_to_end" time="1.129" /><testcase classname="tests.test_iteration21.TestCatalogSearch" name="test_search_adichie" time="0.212" /><testcase classname="tests.test_iteration21.TestUnifiedSearch" name="test_search_scope_all" time="0.195" /><testcase classname="tests.test_iteration21.TestFollows" name="test_follow_self_forbidden" time="0.192" /><testcase classname="tests.test_iteration21.TestFollows" name="test_public_profile_has_followers_stats" time="0.104" /></testsuite></testsuites>