<?xml version="1.0" encoding="utf-8"?><testsuites name="pytest tests"><testsuite name="pytest" errors="0" failures="0" skipped="0" tests="7" time="2.151" timestamp="2026-08-31T05:59:46.959330+00:00" hostname="agent-env-f8f2edf6-d691-475b-a337-ea060efdb28e"><testcase classname="tests.test_iteration12.TestFollow" name="test_follow_toggles" time="1.308" /><testcase classname="tests.test_iteration12.TestFollow" name="test_self_follow_400" time="0.154" /><testcase classname="tests.test_iteration12.TestFollow" name="test_unknown_handle_404" time="0.107" /><testcase classname="tests.test_iteration12.TestPublicProfile" name="test_profile_contains_is_following_and_followers" time="0.122" /><testcase classname="tests.test_iteration12.TestPublicProfile" name="test_own_profile_is_me" time="0.122" /><testcase classname="tests.test_iteration12.TestFeedFollowed" name="test_feed_marks_followed_author_and_sorts_first" time="0.117" /><testcase classname="tests.test_iteration12.TestQuoteCreationNonBlocking" name="test_public_quote_creation_succeeds_despite_push_placeholder" time="0.204" /></testsuite></testsuites>