<?xml version="1.0" encoding="utf-8"?><testsuites name="pytest tests"><testsuite name="pytest" errors="0" failures="0" skipped="0" tests="18" time="8.599" timestamp="2026-08-31T13:06:13.289681+00:00" hostname="agent-env-f8f2edf6-d691-475b-a337-ea060efdb28e"><testcase classname="tests.test_iteration17.TestWattpadSSRF" name="test_scrape_requires_auth" time="0.668" /><testcase classname="tests.test_iteration17.TestCoversAndSummary" name="test_home_discover_popular_has_covers" time="2.633" /><testcase classname="tests.test_iteration17.TestWattpadSSRF" name="test_scrape_rejects_non_wattpad" time="0.522" /><testcase classname="tests.test_iteration17.TestWattpadSSRF" name="test_scrape_accepts_wattpad" time="0.498" /><testcase classname="tests.test_iteration17.TestPremiumRevenueCat" name="test_activate_without_subscription_returns_403" time="0.330" /><testcase classname="tests.test_iteration17.TestPremiumRevenueCat" name="test_test_manent_stays_premium" time="0.564" /><testcase classname="tests.test_iteration17.TestPushRegister" name="test_register_push_requires_auth" time="0.142" /><testcase classname="tests.test_iteration17.TestCoversAndSummary" name="test_search_covers_majority" time="3.876" /><testcase classname="tests.test_iteration17.TestPushRegister" name="test_register_push_body_rejects_user_id" time="0.302" /><testcase classname="tests.test_iteration17.TestPinVisibility" name="test_cannot_pin_others_private_quote" time="1.453" /><testcase classname="tests.test_iteration17.TestPinVisibility" name="test_can_pin_others_public_quote" time="2.157" /><testcase classname="tests.test_iteration17.TestCoversAndSummary" name="test_books_summary_candide" time="0.294" /><testcase classname="tests.test_iteration17.TestSeedAdminOnly" name="test_seed_non_admin_returns_403" time="0.239" /><testcase classname="tests.test_iteration17.TestLoginRateLimit" name="test_bruteforce_returns_429_on_6th" time="1.081" /><testcase classname="tests.test_iteration17.TestSeedAdminOnly" name="test_seed_premium_but_not_admin_returns_403" time="0.141" /><testcase classname="tests.test_iteration17.TestRegression" name="test_login_ok" time="0.340" /><testcase classname="tests.test_iteration17.TestRegression" name="test_feed_ok" time="0.177" /><testcase classname="tests.test_iteration17.TestLoginRateLimit" name="test_valid_login_still_works_after_others_locked" time="0.377" /></testsuite></testsuites>