<?xml version="1.0" encoding="utf-8"?><testsuites name="pytest tests"><testsuite name="pytest" errors="0" failures="0" skipped="0" tests="15" time="3.522" timestamp="2026-08-30T22:44:23.096123+00:00" hostname="agent-env-f8f2edf6-d691-475b-a337-ea060efdb28e"><testcase classname="tests.test_iteration11.TestQuickRegression" name="test_auth_flow" time="0.987" /><testcase classname="tests.test_iteration11.TestClubPushHooksNonBlocking" name="test_post_message" time="0.995" /><testcase classname="tests.test_iteration11.TestClubPushHooksNonBlocking" name="test_post_reco" time="0.065" /><testcase classname="tests.test_iteration11.TestClubPushHooksNonBlocking" name="test_patch_challenge" time="0.228" /><testcase classname="tests.test_iteration11.TestClubPushHooksNonBlocking" name="test_patch_weekly_passage" time="0.069" /><testcase classname="tests.test_iteration11.TestQuickRegression" name="test_get_books" time="0.409" /><testcase classname="tests.test_iteration11.TestBookSearchRegression" name="test_search_alchimiste_returns_results" time="0.387" /><testcase classname="tests.test_iteration11.TestQuickRegression" name="test_post_quote" time="0.079" /><testcase classname="tests.test_iteration11.TestQuickRegression" name="test_premium_status" time="0.090" /><testcase classname="tests.test_iteration11.TestBookRouteOrder" name="test_get_book_by_id_still_reachable" time="0.061" /><testcase classname="tests.test_iteration11.TestBookRouteOrder" name="test_get_book_search_unauth_still_reachable" time="0.727" /><testcase classname="tests.test_iteration11.TestBookSearchRegression" name="test_search_isbn_alchimiste_pocket" time="0.564" /><testcase classname="tests.test_iteration11.TestBookSearchRegression" name="test_search_isbn_fallback_bnf" time="0.875" /><testcase classname="tests.test_iteration11.TestRegisterPush" name="test_register_push_returns_500_with_placeholder_key" time="0.132" /><testcase classname="tests.test_iteration11.TestRegisterPush" name="test_register_push_validation" time="0.109" /></testsuite></testsuites>