<?xml version="1.0" encoding="utf-8"?><testsuites name="pytest tests"><testsuite name="pytest" errors="0" failures="0" skipped="0" tests="16" time="4.631" timestamp="2026-09-03T10:04:45.378736+00:00" hostname="agent-env-f8f2edf6-d691-475b-a337-ea060efdb28e"><testcase classname="tests.test_iteration19.TestBoardShareInvite" name="test_create_board_returns_share_slug_and_invite_code" time="1.099" /><testcase classname="tests.test_iteration19.TestQuoteActions" name="test_like_toggle_and_notify" time="1.549" /><testcase classname="tests.test_iteration19.TestBoardShareInvite" name="test_board_by_slug_lookup" time="0.117" /><testcase classname="tests.test_iteration19.TestQuoteActions" name="test_comment_add_and_delete_own" time="0.506" /><testcase classname="tests.test_iteration19.TestBoardShareInvite" name="test_board_join_via_code" time="0.637" /><testcase classname="tests.test_iteration19.TestBoardShareInvite" name="test_board_regenerate_invite_code" time="0.106" /><testcase classname="tests.test_iteration19" name="test_health" time="0.159" /><testcase classname="tests.test_iteration19.TestQuoteActions" name="test_author_can_delete_others_comment" time="0.599" /><testcase classname="tests.test_iteration19" name="test_feed_returns_quotes_with_like_state" time="0.208" /><testcase classname="tests.test_iteration19" name="test_comments_list_shape" time="0.614" /><testcase classname="tests.test_iteration19.TestQuoteActions" name="test_pin_to_board" time="0.536" /><testcase classname="tests.test_iteration19.TestClubInvitations" name="test_create_club_and_invite" time="0.823" /><testcase classname="tests.test_iteration19.TestSharePages" name="test_board_share_page_private_without_code" time="0.359" /><testcase classname="tests.test_iteration19.TestSharePages" name="test_board_share_page_with_code_returns_join" time="0.348" /><testcase classname="tests.test_iteration19.TestClubInvitations" name="test_invite_board" time="0.352" /><testcase classname="tests.test_iteration19.TestSharePages" name="test_board_share_page_public_no_code" time="0.417" /></testsuite></testsuites>