<?xml version="1.0" encoding="utf-8"?><testsuites name="pytest tests"><testsuite name="pytest" errors="0" failures="0" skipped="0" tests="5" time="15.604" timestamp="2026-08-31T06:40:18.775844+00:00" hostname="agent-env-f8f2edf6-d691-475b-a337-ea060efdb28e"><testcase classname="tests.test_iteration14.TestDiscoverIsbn" name="test_discover_known_isbn" time="2.729" /><testcase classname="tests.test_iteration14.TestAutofillFiche" name="test_autofill_candide_returns_non_empty_suggestions" time="15.040" /><testcase classname="tests.test_iteration14.TestDiscoverIsbn" name="test_discover_unknown_isbn_returns_404" time="0.069" /><testcase classname="tests.test_iteration14.TestAutofillFiche" name="test_autofill_not_found_returns_404" time="0.055" /><testcase classname="tests.test_iteration14.TestClubsMultilineMessage" name="test_post_multiline_message_to_club" time="0.168" /></testsuite></testsuites>