<?xml version="1.0" encoding="utf-8"?><testsuites name="pytest tests"><testsuite name="pytest" errors="0" failures="0" skipped="0" tests="18" time="7.575" timestamp="2026-08-30T17:40:29.577898+00:00" hostname="agent-env-f8f2edf6-d691-475b-a337-ea060efdb28e"><testcase classname="tests.test_new_features.TestSearch" name="test_requires_auth" time="0.609" /><testcase classname="tests.test_new_features.TestBookSheet" name="test_create_book_initializes_empty_sheet" time="0.994" /><testcase classname="tests.test_new_features.TestBookSheet" name="test_patch_sheet_full_persists" time="0.611" /><testcase classname="tests.test_new_features.TestBookSheet" name="test_patch_sheet_partial_replaces" time="0.511" /><testcase classname="tests.test_new_features.TestSearch" name="test_search_empty_q_returns_all_user_content" time="1.549" /><testcase classname="tests.test_new_features.TestVisionPageNumber" name="test_vision_page_number_no_book" time="2.787" /><testcase classname="tests.test_new_features.TestSearch" name="test_search_by_text_on_quote" time="1.477" /><testcase classname="tests.test_new_features.TestSearch" name="test_search_by_text_on_book_title" time="0.130" /><testcase classname="tests.test_new_features.TestSearch" name="test_search_by_author" time="0.149" /><testcase classname="tests.test_new_features.TestSearch" name="test_search_by_recap" time="0.113" /><testcase classname="tests.test_new_features.TestSearch" name="test_search_note_match_on_quote" time="0.133" /><testcase classname="tests.test_new_features.TestSearch" name="test_search_case_insensitive" time="0.122" /><testcase classname="tests.test_new_features.TestSearch" name="test_search_scope_quotes_only" time="0.139" /><testcase classname="tests.test_new_features.TestSearch" name="test_search_scope_books_only" time="0.106" /><testcase classname="tests.test_new_features.TestSearch" name="test_search_theme_filter" time="0.147" /><testcase classname="tests.test_new_features.TestSearch" name="test_search_book_id_filter" time="0.121" /><testcase classname="tests.test_new_features.TestSearch" name="test_search_no_results" time="0.153" /><testcase classname="tests.test_new_features.TestSearch" name="test_search_user_scoped" time="2.290" /></testsuite></testsuites>