<?xml version="1.0" encoding="utf-8"?><testsuites name="pytest tests"><testsuite name="pytest" errors="0" failures="0" skipped="0" tests="18" time="4.604" timestamp="2026-08-30T17:47:22.763384+00:00" hostname="agent-env-f8f2edf6-d691-475b-a337-ea060efdb28e"><testcase classname="tests.test_new_features.TestSearch" name="test_requires_auth" time="0.298" /><testcase classname="tests.test_new_features.TestBookSheet" name="test_create_book_initializes_empty_sheet" time="1.070" /><testcase classname="tests.test_new_features.TestBookSheet" name="test_patch_sheet_full_persists" time="0.536" /><testcase classname="tests.test_new_features.TestBookSheet" name="test_patch_sheet_partial_replaces" time="0.502" /><testcase classname="tests.test_new_features.TestSearch" name="test_search_empty_q_returns_all_user_content" time="1.526" /><testcase classname="tests.test_new_features.TestSearch" name="test_search_by_text_on_quote" time="0.133" /><testcase classname="tests.test_new_features.TestSearch" name="test_search_by_text_on_book_title" time="0.106" /><testcase classname="tests.test_new_features.TestSearch" name="test_search_by_author" time="0.142" /><testcase classname="tests.test_new_features.TestVisionPageNumber" name="test_vision_page_number_no_book" time="1.438" /><testcase classname="tests.test_new_features.TestSearch" name="test_search_by_recap" time="0.105" /><testcase classname="tests.test_new_features.TestSearch" name="test_search_note_match_on_quote" time="0.134" /><testcase classname="tests.test_new_features.TestSearch" name="test_search_case_insensitive" time="0.140" /><testcase classname="tests.test_new_features.TestSearch" name="test_search_scope_quotes_only" time="0.121" /><testcase classname="tests.test_new_features.TestSearch" name="test_search_scope_books_only" time="0.137" /><testcase classname="tests.test_new_features.TestSearch" name="test_search_theme_filter" time="0.114" /><testcase classname="tests.test_new_features.TestSearch" name="test_search_book_id_filter" time="0.135" /><testcase classname="tests.test_new_features.TestSearch" name="test_search_no_results" time="0.102" /><testcase classname="tests.test_new_features.TestSearch" name="test_search_user_scoped" time="1.077" /></testsuite></testsuites>