<?xml version="1.0" encoding="utf-8"?><testsuites name="pytest tests"><testsuite name="pytest" errors="0" failures="1" skipped="0" tests="22" time="8.199" timestamp="2026-08-30T17:47:30.989897+00:00" hostname="agent-env-f8f2edf6-d691-475b-a337-ea060efdb28e"><testcase classname="tests.test_manent_api.TestAuth" name="test_register_returns_token" time="0.589" /><testcase classname="tests.test_manent_api.TestAuth" name="test_login_success" time="0.558" /><testcase classname="tests.test_manent_api.TestAuth" name="test_login_wrong_password" time="0.277" /><testcase classname="tests.test_manent_api.TestQuotes" name="test_quote_updates_book_progress" time="1.436" /><testcase classname="tests.test_manent_api.TestAuth" name="test_me_with_token" time="0.145" /><testcase classname="tests.test_manent_api.TestQuotes" name="test_list_quotes_with_book" time="0.112" /><testcase classname="tests.test_manent_api.TestQuotes" name="test_get_quote_detail" time="0.164" /><testcase classname="tests.test_manent_api.TestAuth" name="test_me_without_token" time="0.137" /><testcase classname="tests.test_manent_api.TestBooksSearch" name="test_search_query" time="0.127"><failure message="assert (True and 0 &gt; 0)&#10; +  where True = isinstance([], list)&#10; +  and   0 = len([])">E   assert (True and 0 &gt; 0)
     +  where True = isinstance([], list)
     +  and   0 = len([])</failure></testcase><testcase classname="tests.test_manent_api.TestQuotes" name="test_delete_quote" time="0.388" /><testcase classname="tests.test_manent_api.TestBooksSearch" name="test_search_isbn_found" time="0.093" /><testcase classname="tests.test_manent_api.TestBooksSearch" name="test_search_isbn_not_found" time="0.322" /><testcase classname="tests.test_manent_api.TestBooks" name="test_create_book" time="0.000" /><testcase classname="tests.test_manent_api.TestBooks" name="test_list_books_has_quotes_count" time="0.125" /><testcase classname="tests.test_manent_api.TestVision" name="test_vision_transcribe" time="3.828" /><testcase classname="tests.test_manent_api.TestFeed" name="test_seed_and_feed" time="0.303" /><testcase classname="tests.test_manent_api.TestFeed" name="test_feed_by_theme" time="0.156" /><testcase classname="tests.test_manent_api.TestUsers" name="test_patch_me" time="0.278" /><testcase classname="tests.test_manent_api.TestBoards" name="test_board_flow" time="0.791" /><testcase classname="tests.test_manent_api.TestUpload" name="test_upload_returns_url" time="1.234" /><testcase classname="tests.test_manent_api.TestVision" name="test_vision_page_number" time="1.608" /><testcase classname="tests.test_manent_api.TestThemes" name="test_themes_list" time="0.191" /></testsuite></testsuites>