<?xml version="1.0" encoding="utf-8"?><testsuites name="pytest tests"><testsuite name="pytest" errors="0" failures="1" skipped="0" tests="22" time="12.412" timestamp="2026-08-30T17:22:13.028398+00:00" hostname="agent-env-f8f2edf6-d691-475b-a337-ea060efdb28e"><testcase classname="tests.test_manent_api.TestAuth" name="test_register_returns_token" time="0.740" /><testcase classname="tests.test_manent_api.TestAuth" name="test_login_success" time="0.585" /><testcase classname="tests.test_manent_api.TestQuotes" name="test_quote_updates_book_progress" time="1.608" /><testcase classname="tests.test_manent_api.TestAuth" name="test_login_wrong_password" time="0.285" /><testcase classname="tests.test_manent_api.TestQuotes" name="test_list_quotes_with_book" time="0.185" /><testcase classname="tests.test_manent_api.TestAuth" name="test_me_with_token" time="0.166" /><testcase classname="tests.test_manent_api.TestAuth" name="test_me_without_token" time="0.124" /><testcase classname="tests.test_manent_api.TestQuotes" name="test_get_quote_detail" time="0.152" /><testcase classname="tests.test_manent_api.TestBooksSearch" name="test_search_query" time="0.108"><failure message="AssertionError: {&quot;detail&quot;:&quot;not_authenticated&quot;}&#10;assert 401 == 200&#10; +  where 401 = &lt;Response [401]&gt;.status_code">backend/tests/test_manent_api.py:102: in test_search_query
    assert r.status_code == 200, r.text
E   AssertionError: {"detail":"not_authenticated"}
E   assert 401 == 200
E    +  where 401 = &lt;Response [401]&gt;.status_code</failure></testcase><testcase classname="tests.test_manent_api.TestQuotes" name="test_delete_quote" time="0.554" /><testcase classname="tests.test_manent_api.TestBooksSearch" name="test_search_isbn_found" time="0.160" /><testcase classname="tests.test_manent_api.TestBooksSearch" name="test_search_isbn_not_found" time="0.104" /><testcase classname="tests.test_manent_api.TestFeed" name="test_seed_and_feed" time="0.252" /><testcase classname="tests.test_manent_api.TestBooks" name="test_create_book" time="0.000" /><testcase classname="tests.test_manent_api.TestBooks" name="test_list_books_has_quotes_count" time="0.128" /><testcase classname="tests.test_manent_api.TestFeed" name="test_feed_by_theme" time="0.118" /><testcase classname="tests.test_manent_api.TestThemes" name="test_themes_list" time="0.061" /><testcase classname="tests.test_manent_api.TestVision" name="test_vision_transcribe" time="7.167" /><testcase classname="tests.test_manent_api.TestUsers" name="test_patch_me" time="2.630" /><testcase classname="tests.test_manent_api.TestBoards" name="test_board_flow" time="0.790" /><testcase classname="tests.test_manent_api.TestVision" name="test_vision_page_number" time="1.325" /><testcase classname="tests.test_manent_api.TestUpload" name="test_upload_returns_url" time="0.890" /></testsuite></testsuites>